@-@-@-@-@-@-@-@-@-@-@-@-@-@-@-@-@-@-@-@-@-@-@-@-@-@-@-@-@-@-@-@-@  
Run Start  ["D:\Runs\100621_IL22_04892"] ["Z:\IL22\incoming"] [False] [True] [True] 
Mon 06/21/2010 10:34:51.64  
Event Scripts Version 4.27 
Run folder              = D:\Runs\100621_IL22_04892  
Network archive root    = Z:\IL22\incoming 
Copy images to network  = false  
Copy results to network = true  
Delete image files      = true 
  
Copying run folder name [100621_IL22_04892] into "D:\Runs\100621_IL22_04892\EventScripts\GetRunFolderName.bat" 
Copying run folder path [100621_IL22_04892] into "D:\Runs\100621_IL22_04892\EventScripts\GetRunFolderPath.bat" 
Performance monitoring enabled for this run via flag file ["..\..\..\EventScripts\EnablePerfMon.txt"] 
If PerfMon is already running we shut it down before restarting it. 
 perfStop.bat: [logman stop RTA_RCM] may show an error which can be ignored. 

Error:
Collection "RTA_RCM" does not exist.

Delete previous RTA_RCM monitoring options if defined, then recreate them. 
perfCreate.bat: [logman delete RTA_RCM] may show an error which can be ignored. 

Error:
Collection "RTA_RCM" does not exist.

perfCreate.bat: Creating RTA_RCM counter - NO ERRORS expected from log manager. 
    [logman create counter RTA_RCM -y -cf "..\..\..\EventScripts\PerfMonitors\Counters.txt" -f csv -o "D:\Runs\100621_IL22_04892\RTA_RCM_perfmon" -v mmddhhmm -si 15 -max 49 -cnf ] 
The command completed successfully.
Start recording performance settings via built-in XP log manager. 
 perfStart.bat: [logman start RTA_RCM] may show an error which can be ignored. 
The command completed successfully.
Checking for service recipe.  
This is not a service recipe, based on run folder path "D:\Runs\100621_IL22_04892\EventScripts\RunPath.txt". 
Checking for paired end recipe. 
"D:\Runs\100621_IL22_04892\RunInfo.xml" is ready for processing.  
Calling CheckXMLValue for [SecondEnd FirstCycle] in "D:\Runs\100621_IL22_04892\RunInfo.xml" 
Microsoft (R) Windows Script Host Version 5.7
Copyright (C) Microsoft Corporation. All rights reserved.

Current protocol is a paired end. Created "D:\Runs\100621_IL22_04892\EventScripts\PairedEndRun.txt" 
Checking if network copy is enabled. 
Checking if network archive folder is defined and available. 
Calling the network copy start script. ..\..\..\EventScripts\RunStart_NetCopy.bat
Mon 06/21/2010 10:34:54.31  
-------------------------------------  
RunStart_NetCopy [] [] [] 
NetworkRunFolder=[Z:\IL22\incoming\100621_IL22_04892] 
Verifying write access to network run folder: Z:\IL22\incoming\100621_IL22_04892 
Creating folder [Z:\IL22\incoming\100621_IL22_04892] 
Creating folder [Z:\IL22\incoming\100621_IL22_04892\Config] 
 Network run folder created. [Z:\IL22\incoming\100621_IL22_04892]. 
Checking file write permission on "Z:\IL22\incoming\100621_IL22_04892" 
START /MIN /WAIT  RoboCopy  "D:\Runs\100621_IL22_04892" "Z:\IL22\incoming\100621_IL22_04892" PermissionTest.* /TBD /FFT /NP /TEE /XJ  /W:0 /R:0  /Log+:"D:\Runs\100621_IL22_04892\Robocopy.log" 
 Verified file creation permissions (PermissionTest.txt created in ["Z:\IL22\incoming\100621_IL22_04892"]). 
Checking file delete permission on "Z:\IL22\incoming\100621_IL22_04892" 
Creating RobocopyRunFolder.bat for manual image transfers. 
Copying configuration and calibration files and folders from the run folder. 
10:34 AM
START /WAIT  RoboCopy "D:\Runs\100621_IL22_04892" "Z:\IL22\incoming\100621_IL22_04892"  *.* /XD Focus Images InterOp Data Processed Queued ReadPrep* Thumbnail_Images /XF *.tif *.jpg /E /W:0 /R:0 /Log+:"D:\Runs\100621_IL22_04892\Robocopy.log"  
10:34 AM
RunStart_Netcopy processing finished. 
Checking for custom run start script. 
RunStart processing complete. Errcode=0 
Deleting "D:\Runs\100621_IL22_04892\EventScripts\RunStartScriptActive.txt" tag file.  
=================================================================  
Run Resume ["D:\Runs\100621_IL22_04892"] [ReadPrep] [0] ["Z:\IL22\incoming"] [False] 
Mon 06/21/2010 11:33:20.34  
Event Scripts Version 4.27  
Run folder              = D:\Runs\100621_IL22_04892  
Network archive root    = Z:\IL22\incoming 
Copy images to network  = false  
Copy results to network = true  
Delete image files      = true 
  
The run has resumed (operator action, auto-restart, or PE read 2).  
=================================================================  
No operator pause file exists. This resume operation is the result of either 
auto-restart, transition from read prep to full read, or return from a pause 
in the protocol (UserWait). 
Checking for custom run resume script. 
Run Resume processing complete. 
Service recipe flag set to false. [n] 
=================================================================  
CycleStart  ["D:\Runs\100621_IL22_04892\ReadPrep1"] [ReadPrep] [0] ["Z:\IL22\incoming"] [False] [True] [True] 
Mon 06/21/2010 11:37:02.04  
Event Scripts Version 4.27   
Cycle Number            = 1  
Cycle Type              = ReadPrep  [Service=n] 
Run folder              = D:\Runs\100621_IL22_04892\ReadPrep1  
Network archive root    = Z:\IL22\incoming 
Copy images to network  = false  
Copy results to network = true  
Delete image files      = true 
Network Run Folder      = Z:\IL22\incoming\BaseRunFolderName\ReadPrep1 
Script State Folder     = D:\Runs\100621_IL22_04892\EventScripts  
Base Run Folder         = 100621_IL22_04892  
Run Folder Name         = ReadPrep1 
 
Checking for RTA launch criteria. 
Script Root Folder path = C:\Illumina\SCS2.8\EventScripts 
RTA executable path = C:\Illumina\SCS2.8\RTA 
Changing working folder to: 
D:\Runs\100621_IL22_04892\ReadPrep1
Copying RunInfo.xml into D:\Runs\100621_IL22_04892\ReadPrep1 
Service=n, PairedEnd=y CycleNbr=1, CycleType=ReadPrep, 
Cleanup cycle tag files. 
Deleting run state tag files. 
First base QC recipe for Paired-end read 1. Starting RTA.  
RTA command line saved in "D:\Runs\100621_IL22_04892\EventScripts\LastRTAcmdLine.bat" 
RTA restart command file saved in D:\Runs\100621_IL22_04892\ReadPrep1\Restart_ReadPrep1_RTA.cmd 
Cycle 1 Start: Checking if RTA is currently running.  
   Image copy sync file: none   
   Image results copy sync file: none   
   Base call copy sync file: none   
RTA.exe is not found in the operating system active processes table. 
Contents of RTA.exe.config 
﻿<?xml version="1.0" encoding="utf-8"?>
<configuration>
  <appSettings>
    <add key="NumberOfThreads" value="3" />
    <add key="DeleteImages" value="1" />
    <add key="CopyImages" value="1" />
    <add key="CallBases" value="1" />
    <add key="GenerateBroFilesOnEveryCycle" value="0" />
    <add key="ControlLane" value="0" />
    <add key="UseAdaptiveMatrix" value="12" />
    <add key="QualityScoreType" value="1.4" />
    <add key="SwathData" value="0" />
    <add key="ClusterDistance" value="1.75" />
    <add key="TemplateCycleCount" value="5" />
    <add key="UseLaneAggregation" value="1" />
    <add key="TransferBCLFilesToTheNetwork" value="1" />
    <add key="CopyIntensityFilesToNetwork" value="1" />
    <add key="EnableQSEQGeneration" value="0" />
    <add key="ClusterFWHM" value="1.8" />
    <add key="DetectionThreshold" value="3.5" />
    <add key="UseOffsetTemplateGeneration" value="1" />
    <add key="LogStatistics" value="1" />
    <add key="ControlFastaFilename" value="95G_controls.fasta" />
    <add key="GenerateCNFFiles" value="0" />
    <add key="SaveThumbnails" value="1" />
    <add key="ImageFilter" value="" />
    <add key="CopyDIFFiles" value="1" />
  </appSettings>
  <runtime>
    <gcServer enabled="true" />
  </runtime>
</configuration> 
------------  
D:\Runs\100621_IL22_04892\ReadPrep1\Images not found. Creating it before RTA launch.  
 
Cycle Start: verified D:\Runs\100621_IL22_04892\ReadPrep1\Images is present before RTA invocation. 
RTA Parameters:  
    D:\Runs\100621_IL22_04892\ReadPrep1\Images Z:\IL22\incoming\100621_IL22_04892 DeleteImages=true CopyImages=false CallBases=true ShowGUI=false Threads=3 CycleType=readPrep CopyResults=false CopyAll=false 
Launching RTA.exe in current working folder: 
C:\Illumina\SCS2.8\RTA
11:37 AM
RTA launch complete. Process table indicates it is running. 
  
=================================================================  
CycleComplete  ["D:\Runs\100621_IL22_04892\ReadPrep1"] [ReadPrep] [0] ["Z:\IL22\incoming"] [False] [True] [True] 
Mon 06/21/2010 11:40:32.64  
Event Scripts Version 4.27    
Cycle Number            = 1  
Cycle Type              = ReadPrep  [Service=n] 
Run folder              = D:\Runs\100621_IL22_04892\ReadPrep1  
Network archive root    = Z:\IL22\incoming 
Copy images to network  = false  
Copy results to network = true  
Delete image files      = true 
Network Run Folder      = Z:\IL22\incoming\BaseRunFolderName\ReadPrep1 
Script State Folder     = D:\Runs\100621_IL22_04892\EventScripts  
Base Run Folder         = 100621_IL22_04892  
Run Folder Name         = ReadPrep1 
  
Service recipe flag set to false. [n]  
CycleNbr=1 CycleType=ReadPrep  Service=n 
Getting list of run logs from D:\Runs\100621_IL22_04892\ReadPrep1 
RunLog_10-06-21_11-33-20.xml
RunLog_10-06-21_10-34-51.xml
Calling GetFirstLine.vbs to process runlogs.txt into SetLatestRunlog.bat 
SET Tempvar=RunLog_10-06-21_11-33-20.xml
Calling D:\Runs\100621_IL22_04892\EventScripts\SetLatestRunlog.bat  
Latest run log for run browser report is RunLog_10-06-21_11-33-20.xml 
Launching RunBrowser for ReadPrep QC cycle. 
Waiting for analysis completion before starting the run browser. 
Synchronizing with RTA before generating report.  
Tag file: [Z:\IL22\incoming\BaseRunFolderName\ReadPrep1\ImageAnalysis_Netcopy_complete.txt] 
Waiting up to 10 more minutes for completion tag file in network run folder. 
Synchronization with RTA complete. RTA no longer in process table. 
Launching RunBrowser to generate report. 
START /MIN ..\..\..\RunBrowser\bin\Release\RunBrowser.exe  /run:D:\Runs\100621_IL22_04892\ReadPrep1 /log:RunLog_10-06-21_11-33-20.xml /pipeline:goldcrest /reports:firstcycle 
Waiting up to 10 minutes for Run Browser to create report before network copy begins. 
11:40 AM
Run browser finished generating report. Continuing with network data copy.  
11:41 AM
Excluding folders from net copy: Focus Images InterOp Data Processed Queued ReadPrep* Thumbnail_Images  
Excluding files from net copy: *.tif *.jpg *.csv ialog.* RunLog.*  
Calling net copy script.  
---------------------------------------------  
"CycleComplete" NetCopy 
Mon 06/21/2010 11:41:03.82  
"CycleComplete" - First base QC imaging Cycle #1. 
"CycleComplete" net copy - Cycle 1 - created mutex file "D:\Runs\100621_IL22_04892\EventScripts\RobocopyMutexLocked.txt". 
 Network folder Z:\IL22\incoming\BaseRunFolderName\ReadPrep1 is no longer accessible 
 Network copy is unable to continue copying image files for this cycle. 
"CycleComplete" NetCopy deleting mutex file "D:\Runs\100621_IL22_04892\EventScripts\RobocopyMutexLocked.txt" 
"CycleComplete"  NetCopy processing finished for Cycle 1. 
Checking for customer Cycle Complete Post Net Copy event handler. 
CycleComplete processing finished for Cycle 1. [errcode=0] 
=================================================================  
Run Resume ["D:\Runs\100621_IL22_04892"] [Incorporation] [0] ["Z:\IL22\incoming"] [False] 
Mon 06/21/2010 11:41:52.23  
Event Scripts Version 4.27  
Run folder              = D:\Runs\100621_IL22_04892  
Network archive root    = Z:\IL22\incoming 
Copy images to network  = false  
Copy results to network = true  
Delete image files      = true 
  
The run has resumed (operator action, auto-restart, or PE read 2).  
=================================================================  
First base report cycle active [ReadPrep1] 
Paused cycle information: Paused cycle: 1, Cycle mask: 01 
Run folder name = 100621_IL22_04892  
Last completed cycle before pause/resume: Cycle 1, Cycle type = ReadPrep 
Current running cycle when paused: Cycle 1, Cycle type = ReadPrep 
Run Folder paths updated for ReadPrep1: [D:\Runs\100621_IL22_04892\ReadPrep1] [Z:\IL22\incoming\100621_IL22_04892\ReadPrep1] 
Run Folder Name=[100621_IL22_04892], Network Run Folder=[Z:\IL22\incoming\100621_IL22_04892\ReadPrep1] 
Deleting RTA completion tag files [Z:\IL22\incoming\100621_IL22_04892\ReadPrep1\*_complete*.txt] 
Resuming  ReadPrep Cycle 1. Checking for RTA file cleanup. 
Forcibly terminating current RTA proceess. It will relaunch at the next cycle start to reprocess images from Cycle 1  
Cleaning up images, intermediate results, and .bro files to restart imaging cycle. 
Deleting Image files from D:\Runs\100621_IL22_04892\ReadPrep1\Images\L001\P1.1 
CountFiles=0, srcFolder=D:\Runs\100621_IL22_04892\ReadPrep1\Images\L001\P1.1 filePattern=*.tif fileList=D:\Runs\100621_IL22_04892\EventScripts\TempFileList.txt 
Deleting intermediate image processing files from D:\Runs\100621_IL22_04892\ReadPrep1\Processed\L001\P1.1 
CountFiles=0, srcFolder=D:\Runs\100621_IL22_04892\ReadPrep1\Processed\L001\P1.1 filePattern=* fileList=D:\Runs\100621_IL22_04892\EventScripts\TempFileList.txt 
Deleting Image files from D:\Runs\100621_IL22_04892\ReadPrep1\Images\L002\P1.1 
CountFiles=0, srcFolder=D:\Runs\100621_IL22_04892\ReadPrep1\Images\L002\P1.1 filePattern=*.tif fileList=D:\Runs\100621_IL22_04892\EventScripts\TempFileList.txt 
Deleting intermediate image processing files from D:\Runs\100621_IL22_04892\ReadPrep1\Processed\L002\P1.1 
CountFiles=0, srcFolder=D:\Runs\100621_IL22_04892\ReadPrep1\Processed\L002\P1.1 filePattern=* fileList=D:\Runs\100621_IL22_04892\EventScripts\TempFileList.txt 
Deleting Image files from D:\Runs\100621_IL22_04892\ReadPrep1\Images\L003\P1.1 
CountFiles=0, srcFolder=D:\Runs\100621_IL22_04892\ReadPrep1\Images\L003\P1.1 filePattern=*.tif fileList=D:\Runs\100621_IL22_04892\EventScripts\TempFileList.txt 
Deleting intermediate image processing files from D:\Runs\100621_IL22_04892\ReadPrep1\Processed\L003\P1.1 
CountFiles=0, srcFolder=D:\Runs\100621_IL22_04892\ReadPrep1\Processed\L003\P1.1 filePattern=* fileList=D:\Runs\100621_IL22_04892\EventScripts\TempFileList.txt 
Deleting Image files from D:\Runs\100621_IL22_04892\ReadPrep1\Images\L004\P1.1 
CountFiles=0, srcFolder=D:\Runs\100621_IL22_04892\ReadPrep1\Images\L004\P1.1 filePattern=*.tif fileList=D:\Runs\100621_IL22_04892\EventScripts\TempFileList.txt 
Deleting intermediate image processing files from D:\Runs\100621_IL22_04892\ReadPrep1\Processed\L004\P1.1 
CountFiles=0, srcFolder=D:\Runs\100621_IL22_04892\ReadPrep1\Processed\L004\P1.1 filePattern=* fileList=D:\Runs\100621_IL22_04892\EventScripts\TempFileList.txt 
Deleting Image files from D:\Runs\100621_IL22_04892\ReadPrep1\Images\L005\P1.1 
CountFiles=0, srcFolder=D:\Runs\100621_IL22_04892\ReadPrep1\Images\L005\P1.1 filePattern=*.tif fileList=D:\Runs\100621_IL22_04892\EventScripts\TempFileList.txt 
Deleting intermediate image processing files from D:\Runs\100621_IL22_04892\ReadPrep1\Processed\L005\P1.1 
CountFiles=0, srcFolder=D:\Runs\100621_IL22_04892\ReadPrep1\Processed\L005\P1.1 filePattern=* fileList=D:\Runs\100621_IL22_04892\EventScripts\TempFileList.txt 
Deleting Image files from D:\Runs\100621_IL22_04892\ReadPrep1\Images\L006\P1.1 
CountFiles=0, srcFolder=D:\Runs\100621_IL22_04892\ReadPrep1\Images\L006\P1.1 filePattern=*.tif fileList=D:\Runs\100621_IL22_04892\EventScripts\TempFileList.txt 
Deleting intermediate image processing files from D:\Runs\100621_IL22_04892\ReadPrep1\Processed\L006\P1.1 
CountFiles=0, srcFolder=D:\Runs\100621_IL22_04892\ReadPrep1\Processed\L006\P1.1 filePattern=* fileList=D:\Runs\100621_IL22_04892\EventScripts\TempFileList.txt 
Deleting Image files from D:\Runs\100621_IL22_04892\ReadPrep1\Images\L007\P1.1 
CountFiles=0, srcFolder=D:\Runs\100621_IL22_04892\ReadPrep1\Images\L007\P1.1 filePattern=*.tif fileList=D:\Runs\100621_IL22_04892\EventScripts\TempFileList.txt 
Deleting intermediate image processing files from D:\Runs\100621_IL22_04892\ReadPrep1\Processed\L007\P1.1 
CountFiles=0, srcFolder=D:\Runs\100621_IL22_04892\ReadPrep1\Processed\L007\P1.1 filePattern=* fileList=D:\Runs\100621_IL22_04892\EventScripts\TempFileList.txt 
Deleting Image files from D:\Runs\100621_IL22_04892\ReadPrep1\Images\L008\P1.1 
CountFiles=0, srcFolder=D:\Runs\100621_IL22_04892\ReadPrep1\Images\L008\P1.1 filePattern=*.tif fileList=D:\Runs\100621_IL22_04892\EventScripts\TempFileList.txt 
Deleting intermediate image processing files from D:\Runs\100621_IL22_04892\ReadPrep1\Processed\L008\P1.1 
CountFiles=0, srcFolder=D:\Runs\100621_IL22_04892\ReadPrep1\Processed\L008\P1.1 filePattern=* fileList=D:\Runs\100621_IL22_04892\EventScripts\TempFileList.txt 
Deleting run browser data files from D:\Runs\100621_IL22_04892\ReadPrep1\Data\Runbrowser 
CountFiles=0, srcFolder=D:\Runs\100621_IL22_04892\ReadPrep1\Data\Runbrowser filePattern=*_01_bro.xml fileList=D:\Runs\100621_IL22_04892\EventScripts\TempFileList.txt 
Finished deleting all Run Browser data files from D:\Runs\100621_IL22_04892\ReadPrep1\Data\Runbrowser after 0 attempts. 
No Queued folder. Skipping trans file deletion. 
Finished file synchronization with RTA so new tile images will be reanalyzed. 
Checking for custom run resume script. 
Run Resume processing complete. 
Service recipe flag set to false. [n] 
=================================================================  
CycleStart  ["D:\Runs\100621_IL22_04892"] [Incorporation] [0] ["Z:\IL22\incoming"] [False] [True] [True] 
Mon 06/21/2010 11:43:57.76  
Event Scripts Version 4.27   
Cycle Number            = 1  
Cycle Type              = Incorporation  [Service=n] 
Run folder              = D:\Runs\100621_IL22_04892  
Network archive root    = Z:\IL22\incoming 
Copy images to network  = false  
Copy results to network = true  
Delete image files      = true 
Network Run Folder      = Z:\IL22\incoming\100621_IL22_04892 
Script State Folder     = D:\Runs\100621_IL22_04892\EventScripts  
Base Run Folder         = 100621_IL22_04892  
Run Folder Name         = 100621_IL22_04892 
 
Checking for RTA launch criteria. 
Script Root Folder path = C:\Illumina\SCS2.8\EventScripts 
RTA executable path = C:\Illumina\SCS2.8\RTA 
Service=n, PairedEnd=y CycleNbr=1, CycleType=Incorporation, 
Cleanup cycle tag files. 
Deleting run state tag files. 
Deleting "D:\Runs\100621_IL22_04892\EventScripts\ReadPrep1Active.txt" 
Paired-end read 1 has begun. Starting RTA.  
RTA command line saved in "D:\Runs\100621_IL22_04892\EventScripts\LastRTAcmdLine.bat" 
RTA restart command file saved in D:\Runs\100621_IL22_04892\Restart_Read1_RTA.cmd 
Cycle 1 Start: Checking if RTA is currently running.  
   Image copy sync file: none   
   Image results copy sync file: Z:\IL22\incoming\ReadPrep1\ImageAnalysis_Netcopy_complete.txt   
   Base call copy sync file: Z:\IL22\incoming\ReadPrep1\Basecalling_Netcopy_complete.txt   
RTA.exe is not found in the operating system active processes table. 
Contents of RTA.exe.config 
﻿<?xml version="1.0" encoding="utf-8"?>
<configuration>
  <appSettings>
    <add key="NumberOfThreads" value="3" />
    <add key="DeleteImages" value="1" />
    <add key="CopyImages" value="1" />
    <add key="CallBases" value="1" />
    <add key="GenerateBroFilesOnEveryCycle" value="0" />
    <add key="ControlLane" value="0" />
    <add key="UseAdaptiveMatrix" value="12" />
    <add key="QualityScoreType" value="1.4" />
    <add key="SwathData" value="0" />
    <add key="ClusterDistance" value="1.75" />
    <add key="TemplateCycleCount" value="5" />
    <add key="UseLaneAggregation" value="1" />
    <add key="TransferBCLFilesToTheNetwork" value="1" />
    <add key="CopyIntensityFilesToNetwork" value="1" />
    <add key="EnableQSEQGeneration" value="0" />
    <add key="ClusterFWHM" value="1.8" />
    <add key="DetectionThreshold" value="3.5" />
    <add key="UseOffsetTemplateGeneration" value="1" />
    <add key="LogStatistics" value="1" />
    <add key="ControlFastaFilename" value="95G_controls.fasta" />
    <add key="GenerateCNFFiles" value="0" />
    <add key="SaveThumbnails" value="1" />
    <add key="ImageFilter" value="" />
    <add key="CopyDIFFiles" value="1" />
  </appSettings>
  <runtime>
    <gcServer enabled="true" />
  </runtime>
</configuration> 
------------  
D:\Runs\100621_IL22_04892\Images not found. Creating it before RTA launch.  
 
Cycle Start: verified D:\Runs\100621_IL22_04892\Images is present before RTA invocation. 
RTA Parameters:  
    D:\Runs\100621_IL22_04892\Images Z:\IL22\incoming DeleteImages=true CopyImages=false CallBases=true ShowGUI=false Threads=3 CycleType=read1 CopyResults=true CopyAll=true 
Launching RTA.exe in current working folder: 
C:\Illumina\SCS2.8\RTA
11:43 AM
RTA launch complete. Process table indicates it is running. 
  
=================================================================  
CycleComplete  ["D:\Runs\100621_IL22_04892"] [Incorporation] [0] ["Z:\IL22\incoming"] [False] [True] [True] 
Mon 06/21/2010 12:31:32.51  
Event Scripts Version 4.27    
Cycle Number            = 1  
Cycle Type              = Incorporation  [Service=n] 
Run folder              = D:\Runs\100621_IL22_04892  
Network archive root    = Z:\IL22\incoming 
Copy images to network  = false  
Copy results to network = true  
Delete image files      = true 
Network Run Folder      = Z:\IL22\incoming\100621_IL22_04892 
Script State Folder     = D:\Runs\100621_IL22_04892\EventScripts  
Base Run Folder         = 100621_IL22_04892  
Run Folder Name         = 100621_IL22_04892 
  
Service recipe flag set to false. [n]  
CycleNbr=1 CycleType=Incorporation  Service=n 
No runbrowser reports for this cycle. 
Excluding folders from net copy: Focus Images InterOp Data Processed Queued ReadPrep* Thumbnail_Images  
Excluding files from net copy: *.tif *.jpg *.csv ialog.* RunLog.*  
Calling net copy script.  
---------------------------------------------  
"CycleComplete" NetCopy 
Mon 06/21/2010 12:31:32.56  
"CycleComplete" - Incorporation imaging Cycle #1. 
"CycleComplete" net copy - Cycle 1 - created mutex file "D:\Runs\100621_IL22_04892\EventScripts\RobocopyMutexLocked.txt". 
No .params file exists in the run Data folder.  
No Config.xml file exists in the run Data folder.  
Copying run performance log files and folders from the run folder. 
12:31 PM
START /WAIT /MIN RoboCopy "D:\Runs\100621_IL22_04892" "Z:\IL22\incoming\100621_IL22_04892"  *.* /XD Focus Images InterOp Data Processed Queued ReadPrep* Thumbnail_Images /XF *.tif *.jpg *.csv ialog.* RunLog.* /TBD /FFT /NP /TEE /XJ /XO  /E /W:0 /R:0 /Log+:"D:\Runs\100621_IL22_04892\Robocopy.log"  
12:31 PM
Copy completed to Network folder "Z:\IL22\incoming\100621_IL22_04892". 
"CycleComplete" NetCopy deleting mutex file "D:\Runs\100621_IL22_04892\EventScripts\RobocopyMutexLocked.txt" 
"CycleComplete"  NetCopy processing finished for Cycle 1. 
Checking for customer Cycle Complete Post Net Copy event handler. 
CycleComplete processing finished for Cycle 1. [errcode=0] 
Service recipe flag set to false. [n] 
=================================================================  
CycleStart  ["D:\Runs\100621_IL22_04892"] [Incorporation] [1] ["Z:\IL22\incoming"] [False] [True] [True] 
Mon 06/21/2010 12:50:25.85  
Event Scripts Version 4.27   
Cycle Number            = 2  
Cycle Type              = Incorporation  [Service=n] 
Run folder              = D:\Runs\100621_IL22_04892  
Network archive root    = Z:\IL22\incoming 
Copy images to network  = false  
Copy results to network = true  
Delete image files      = true 
Network Run Folder      = Z:\IL22\incoming\100621_IL22_04892 
Script State Folder     = D:\Runs\100621_IL22_04892\EventScripts  
Base Run Folder         = 100621_IL22_04892  
Run Folder Name         = 100621_IL22_04892 
 
Checking for RTA launch criteria. 
Script Root Folder path = C:\Illumina\SCS2.8\EventScripts 
RTA executable path = C:\Illumina\SCS2.8\RTA 
Service=n, PairedEnd=y CycleNbr=2, CycleType=Incorporation, 
Cleanup cycle tag files. 
Deleting run state tag files. 
Deleting "D:\Runs\100621_IL22_04892\EventScripts\Read1Active.txt" 
Checking for customer Cycle Start event handler. 
Cycle 2 Start processing complete. Errcode=0 
  
=================================================================  
CycleComplete  ["D:\Runs\100621_IL22_04892"] [Incorporation] [1] ["Z:\IL22\incoming"] [False] [True] [True] 
Mon 06/21/2010 13:38:01.89  
Event Scripts Version 4.27    
Cycle Number            = 2  
Cycle Type              = Incorporation  [Service=n] 
Run folder              = D:\Runs\100621_IL22_04892  
Network archive root    = Z:\IL22\incoming 
Copy images to network  = false  
Copy results to network = true  
Delete image files      = true 
Network Run Folder      = Z:\IL22\incoming\100621_IL22_04892 
Script State Folder     = D:\Runs\100621_IL22_04892\EventScripts  
Base Run Folder         = 100621_IL22_04892  
Run Folder Name         = 100621_IL22_04892 
  
Service recipe flag set to false. [n]  
CycleNbr=2 CycleType=Incorporation  Service=n 
No runbrowser reports for this cycle. 
No network copy: Service=n  NetCopyEnabled=true  CycleType=Incorporation. 
Checking for customer Cycle Complete Post Net Copy event handler. 
CycleComplete processing finished for Cycle 2. [errcode=0] 
Service recipe flag set to false. [n] 
=================================================================  
CycleStart  ["D:\Runs\100621_IL22_04892"] [Incorporation] [2] ["Z:\IL22\incoming"] [False] [True] [True] 
Mon 06/21/2010 13:56:55.14  
Event Scripts Version 4.27   
Cycle Number            = 3  
Cycle Type              = Incorporation  [Service=n] 
Run folder              = D:\Runs\100621_IL22_04892  
Network archive root    = Z:\IL22\incoming 
Copy images to network  = false  
Copy results to network = true  
Delete image files      = true 
Network Run Folder      = Z:\IL22\incoming\100621_IL22_04892 
Script State Folder     = D:\Runs\100621_IL22_04892\EventScripts  
Base Run Folder         = 100621_IL22_04892  
Run Folder Name         = 100621_IL22_04892 
 
Checking for RTA launch criteria. 
Script Root Folder path = C:\Illumina\SCS2.8\EventScripts 
RTA executable path = C:\Illumina\SCS2.8\RTA 
Service=n, PairedEnd=y CycleNbr=3, CycleType=Incorporation, 
Cleanup cycle tag files. 
Deleting run state tag files. 
Deleting "D:\Runs\100621_IL22_04892\EventScripts\Read1Active.txt" 
Checking for customer Cycle Start event handler. 
Cycle 3 Start processing complete. Errcode=0 
  
=================================================================  
CycleComplete  ["D:\Runs\100621_IL22_04892"] [Incorporation] [2] ["Z:\IL22\incoming"] [False] [True] [True] 
Mon 06/21/2010 14:43:55.21  
Event Scripts Version 4.27    
Cycle Number            = 3  
Cycle Type              = Incorporation  [Service=n] 
Run folder              = D:\Runs\100621_IL22_04892  
Network archive root    = Z:\IL22\incoming 
Copy images to network  = false  
Copy results to network = true  
Delete image files      = true 
Network Run Folder      = Z:\IL22\incoming\100621_IL22_04892 
Script State Folder     = D:\Runs\100621_IL22_04892\EventScripts  
Base Run Folder         = 100621_IL22_04892  
Run Folder Name         = 100621_IL22_04892 
  
Service recipe flag set to false. [n]  
CycleNbr=3 CycleType=Incorporation  Service=n 
No runbrowser reports for this cycle. 
No network copy: Service=n  NetCopyEnabled=true  CycleType=Incorporation. 
Checking for customer Cycle Complete Post Net Copy event handler. 
CycleComplete processing finished for Cycle 3. [errcode=0] 
Service recipe flag set to false. [n] 
=================================================================  
CycleStart  ["D:\Runs\100621_IL22_04892"] [Incorporation] [3] ["Z:\IL22\incoming"] [False] [True] [True] 
Mon 06/21/2010 15:02:48.37  
Event Scripts Version 4.27   
Cycle Number            = 4  
Cycle Type              = Incorporation  [Service=n] 
Run folder              = D:\Runs\100621_IL22_04892  
Network archive root    = Z:\IL22\incoming 
Copy images to network  = false  
Copy results to network = true  
Delete image files      = true 
Network Run Folder      = Z:\IL22\incoming\100621_IL22_04892 
Script State Folder     = D:\Runs\100621_IL22_04892\EventScripts  
Base Run Folder         = 100621_IL22_04892  
Run Folder Name         = 100621_IL22_04892 
 
Checking for RTA launch criteria. 
Script Root Folder path = C:\Illumina\SCS2.8\EventScripts 
RTA executable path = C:\Illumina\SCS2.8\RTA 
Service=n, PairedEnd=y CycleNbr=4, CycleType=Incorporation, 
Cleanup cycle tag files. 
Deleting run state tag files. 
Deleting "D:\Runs\100621_IL22_04892\EventScripts\Read1Active.txt" 
Checking for customer Cycle Start event handler. 
Cycle 4 Start processing complete. Errcode=0 
  
=================================================================  
CycleComplete  ["D:\Runs\100621_IL22_04892"] [Incorporation] [3] ["Z:\IL22\incoming"] [False] [True] [True] 
Mon 06/21/2010 15:49:51.04  
Event Scripts Version 4.27    
Cycle Number            = 4  
Cycle Type              = Incorporation  [Service=n] 
Run folder              = D:\Runs\100621_IL22_04892  
Network archive root    = Z:\IL22\incoming 
Copy images to network  = false  
Copy results to network = true  
Delete image files      = true 
Network Run Folder      = Z:\IL22\incoming\100621_IL22_04892 
Script State Folder     = D:\Runs\100621_IL22_04892\EventScripts  
Base Run Folder         = 100621_IL22_04892  
Run Folder Name         = 100621_IL22_04892 
  
Service recipe flag set to false. [n]  
CycleNbr=4 CycleType=Incorporation  Service=n 
No runbrowser reports for this cycle. 
No network copy: Service=n  NetCopyEnabled=true  CycleType=Incorporation. 
Checking for customer Cycle Complete Post Net Copy event handler. 
CycleComplete processing finished for Cycle 4. [errcode=0] 
Service recipe flag set to false. [n] 
=================================================================  
CycleStart  ["D:\Runs\100621_IL22_04892"] [Incorporation] [4] ["Z:\IL22\incoming"] [False] [True] [True] 
Mon 06/21/2010 16:08:44.28  
Event Scripts Version 4.27   
Cycle Number            = 5  
Cycle Type              = Incorporation  [Service=n] 
Run folder              = D:\Runs\100621_IL22_04892  
Network archive root    = Z:\IL22\incoming 
Copy images to network  = false  
Copy results to network = true  
Delete image files      = true 
Network Run Folder      = Z:\IL22\incoming\100621_IL22_04892 
Script State Folder     = D:\Runs\100621_IL22_04892\EventScripts  
Base Run Folder         = 100621_IL22_04892  
Run Folder Name         = 100621_IL22_04892 
 
Checking for RTA launch criteria. 
Script Root Folder path = C:\Illumina\SCS2.8\EventScripts 
RTA executable path = C:\Illumina\SCS2.8\RTA 
Service=n, PairedEnd=y CycleNbr=5, CycleType=Incorporation, 
Cleanup cycle tag files. 
Deleting run state tag files. 
Deleting "D:\Runs\100621_IL22_04892\EventScripts\Read1Active.txt" 
Checking for customer Cycle Start event handler. 
Cycle 5 Start processing complete. Errcode=0 
  
=================================================================  
CycleComplete  ["D:\Runs\100621_IL22_04892"] [Incorporation] [4] ["Z:\IL22\incoming"] [False] [True] [True] 
Mon 06/21/2010 16:55:47.18  
Event Scripts Version 4.27    
Cycle Number            = 5  
Cycle Type              = Incorporation  [Service=n] 
Run folder              = D:\Runs\100621_IL22_04892  
Network archive root    = Z:\IL22\incoming 
Copy images to network  = false  
Copy results to network = true  
Delete image files      = true 
Network Run Folder      = Z:\IL22\incoming\100621_IL22_04892 
Script State Folder     = D:\Runs\100621_IL22_04892\EventScripts  
Base Run Folder         = 100621_IL22_04892  
Run Folder Name         = 100621_IL22_04892 
  
Service recipe flag set to false. [n]  
CycleNbr=5 CycleType=Incorporation  Service=n 
No runbrowser reports for this cycle. 
No network copy: Service=n  NetCopyEnabled=true  CycleType=Incorporation. 
Checking for customer Cycle Complete Post Net Copy event handler. 
CycleComplete processing finished for Cycle 5. [errcode=0] 
Service recipe flag set to false. [n] 
=================================================================  
CycleStart  ["D:\Runs\100621_IL22_04892"] [Incorporation] [5] ["Z:\IL22\incoming"] [False] [True] [True] 
Mon 06/21/2010 17:14:41.28  
Event Scripts Version 4.27   
Cycle Number            = 6  
Cycle Type              = Incorporation  [Service=n] 
Run folder              = D:\Runs\100621_IL22_04892  
Network archive root    = Z:\IL22\incoming 
Copy images to network  = false  
Copy results to network = true  
Delete image files      = true 
Network Run Folder      = Z:\IL22\incoming\100621_IL22_04892 
Script State Folder     = D:\Runs\100621_IL22_04892\EventScripts  
Base Run Folder         = 100621_IL22_04892  
Run Folder Name         = 100621_IL22_04892 
 
Checking for RTA launch criteria. 
Script Root Folder path = C:\Illumina\SCS2.8\EventScripts 
RTA executable path = C:\Illumina\SCS2.8\RTA 
Service=n, PairedEnd=y CycleNbr=6, CycleType=Incorporation, 
Cleanup cycle tag files. 
Deleting run state tag files. 
Deleting "D:\Runs\100621_IL22_04892\EventScripts\Read1Active.txt" 
Checking for customer Cycle Start event handler. 
Cycle 6 Start processing complete. Errcode=0 
  
=================================================================  
CycleComplete  ["D:\Runs\100621_IL22_04892"] [Incorporation] [5] ["Z:\IL22\incoming"] [False] [True] [True] 
Mon 06/21/2010 18:01:40.98  
Event Scripts Version 4.27    
Cycle Number            = 6  
Cycle Type              = Incorporation  [Service=n] 
Run folder              = D:\Runs\100621_IL22_04892  
Network archive root    = Z:\IL22\incoming 
Copy images to network  = false  
Copy results to network = true  
Delete image files      = true 
Network Run Folder      = Z:\IL22\incoming\100621_IL22_04892 
Script State Folder     = D:\Runs\100621_IL22_04892\EventScripts  
Base Run Folder         = 100621_IL22_04892  
Run Folder Name         = 100621_IL22_04892 
  
Service recipe flag set to false. [n]  
CycleNbr=6 CycleType=Incorporation  Service=n 
No runbrowser reports for this cycle. 
No network copy: Service=n  NetCopyEnabled=true  CycleType=Incorporation. 
Checking for customer Cycle Complete Post Net Copy event handler. 
CycleComplete processing finished for Cycle 6. [errcode=0] 
Service recipe flag set to false. [n] 
=================================================================  
CycleStart  ["D:\Runs\100621_IL22_04892"] [Incorporation] [6] ["Z:\IL22\incoming"] [False] [True] [True] 
Mon 06/21/2010 18:20:34.43  
Event Scripts Version 4.27   
Cycle Number            = 7  
Cycle Type              = Incorporation  [Service=n] 
Run folder              = D:\Runs\100621_IL22_04892  
Network archive root    = Z:\IL22\incoming 
Copy images to network  = false  
Copy results to network = true  
Delete image files      = true 
Network Run Folder      = Z:\IL22\incoming\100621_IL22_04892 
Script State Folder     = D:\Runs\100621_IL22_04892\EventScripts  
Base Run Folder         = 100621_IL22_04892  
Run Folder Name         = 100621_IL22_04892 
 
Checking for RTA launch criteria. 
Script Root Folder path = C:\Illumina\SCS2.8\EventScripts 
RTA executable path = C:\Illumina\SCS2.8\RTA 
Service=n, PairedEnd=y CycleNbr=7, CycleType=Incorporation, 
Cleanup cycle tag files. 
Deleting run state tag files. 
Deleting "D:\Runs\100621_IL22_04892\EventScripts\Read1Active.txt" 
Checking for customer Cycle Start event handler. 
Cycle 7 Start processing complete. Errcode=0 
  
=================================================================  
CycleComplete  ["D:\Runs\100621_IL22_04892"] [Incorporation] [6] ["Z:\IL22\incoming"] [False] [True] [True] 
Mon 06/21/2010 19:07:37.90  
Event Scripts Version 4.27    
Cycle Number            = 7  
Cycle Type              = Incorporation  [Service=n] 
Run folder              = D:\Runs\100621_IL22_04892  
Network archive root    = Z:\IL22\incoming 
Copy images to network  = false  
Copy results to network = true  
Delete image files      = true 
Network Run Folder      = Z:\IL22\incoming\100621_IL22_04892 
Script State Folder     = D:\Runs\100621_IL22_04892\EventScripts  
Base Run Folder         = 100621_IL22_04892  
Run Folder Name         = 100621_IL22_04892 
  
Service recipe flag set to false. [n]  
CycleNbr=7 CycleType=Incorporation  Service=n 
No runbrowser reports for this cycle. 
No network copy: Service=n  NetCopyEnabled=true  CycleType=Incorporation. 
Checking for customer Cycle Complete Post Net Copy event handler. 
CycleComplete processing finished for Cycle 7. [errcode=0] 
Service recipe flag set to false. [n] 
=================================================================  
CycleStart  ["D:\Runs\100621_IL22_04892"] [Incorporation] [7] ["Z:\IL22\incoming"] [False] [True] [True] 
Mon 06/21/2010 19:26:31.12  
Event Scripts Version 4.27   
Cycle Number            = 8  
Cycle Type              = Incorporation  [Service=n] 
Run folder              = D:\Runs\100621_IL22_04892  
Network archive root    = Z:\IL22\incoming 
Copy images to network  = false  
Copy results to network = true  
Delete image files      = true 
Network Run Folder      = Z:\IL22\incoming\100621_IL22_04892 
Script State Folder     = D:\Runs\100621_IL22_04892\EventScripts  
Base Run Folder         = 100621_IL22_04892  
Run Folder Name         = 100621_IL22_04892 
 
Checking for RTA launch criteria. 
Script Root Folder path = C:\Illumina\SCS2.8\EventScripts 
RTA executable path = C:\Illumina\SCS2.8\RTA 
Service=n, PairedEnd=y CycleNbr=8, CycleType=Incorporation, 
Cleanup cycle tag files. 
Deleting run state tag files. 
Deleting "D:\Runs\100621_IL22_04892\EventScripts\Read1Active.txt" 
Checking for customer Cycle Start event handler. 
Cycle 8 Start processing complete. Errcode=0 
  
=================================================================  
CycleComplete  ["D:\Runs\100621_IL22_04892"] [Incorporation] [7] ["Z:\IL22\incoming"] [False] [True] [True] 
Mon 06/21/2010 20:13:20.23  
Event Scripts Version 4.27    
Cycle Number            = 8  
Cycle Type              = Incorporation  [Service=n] 
Run folder              = D:\Runs\100621_IL22_04892  
Network archive root    = Z:\IL22\incoming 
Copy images to network  = false  
Copy results to network = true  
Delete image files      = true 
Network Run Folder      = Z:\IL22\incoming\100621_IL22_04892 
Script State Folder     = D:\Runs\100621_IL22_04892\EventScripts  
Base Run Folder         = 100621_IL22_04892  
Run Folder Name         = 100621_IL22_04892 
  
Service recipe flag set to false. [n]  
CycleNbr=8 CycleType=Incorporation  Service=n 
No runbrowser reports for this cycle. 
No network copy: Service=n  NetCopyEnabled=true  CycleType=Incorporation. 
Checking for customer Cycle Complete Post Net Copy event handler. 
CycleComplete processing finished for Cycle 8. [errcode=0] 
Service recipe flag set to false. [n] 
=================================================================  
CycleStart  ["D:\Runs\100621_IL22_04892"] [Incorporation] [8] ["Z:\IL22\incoming"] [False] [True] [True] 
Mon 06/21/2010 20:32:13.48  
Event Scripts Version 4.27   
Cycle Number            = 9  
Cycle Type              = Incorporation  [Service=n] 
Run folder              = D:\Runs\100621_IL22_04892  
Network archive root    = Z:\IL22\incoming 
Copy images to network  = false  
Copy results to network = true  
Delete image files      = true 
Network Run Folder      = Z:\IL22\incoming\100621_IL22_04892 
Script State Folder     = D:\Runs\100621_IL22_04892\EventScripts  
Base Run Folder         = 100621_IL22_04892  
Run Folder Name         = 100621_IL22_04892 
 
Checking for RTA launch criteria. 
Script Root Folder path = C:\Illumina\SCS2.8\EventScripts 
RTA executable path = C:\Illumina\SCS2.8\RTA 
Service=n, PairedEnd=y CycleNbr=9, CycleType=Incorporation, 
Cleanup cycle tag files. 
Deleting run state tag files. 
Deleting "D:\Runs\100621_IL22_04892\EventScripts\Read1Active.txt" 
Checking for customer Cycle Start event handler. 
Cycle 9 Start processing complete. Errcode=0 
  
=================================================================  
CycleComplete  ["D:\Runs\100621_IL22_04892"] [Incorporation] [8] ["Z:\IL22\incoming"] [False] [True] [True] 
Mon 06/21/2010 21:18:45.20  
Event Scripts Version 4.27    
Cycle Number            = 9  
Cycle Type              = Incorporation  [Service=n] 
Run folder              = D:\Runs\100621_IL22_04892  
Network archive root    = Z:\IL22\incoming 
Copy images to network  = false  
Copy results to network = true  
Delete image files      = true 
Network Run Folder      = Z:\IL22\incoming\100621_IL22_04892 
Script State Folder     = D:\Runs\100621_IL22_04892\EventScripts  
Base Run Folder         = 100621_IL22_04892  
Run Folder Name         = 100621_IL22_04892 
  
Service recipe flag set to false. [n]  
CycleNbr=9 CycleType=Incorporation  Service=n 
No runbrowser reports for this cycle. 
No network copy: Service=n  NetCopyEnabled=true  CycleType=Incorporation. 
Checking for customer Cycle Complete Post Net Copy event handler. 
CycleComplete processing finished for Cycle 9. [errcode=0] 
Service recipe flag set to false. [n] 
=================================================================  
CycleStart  ["D:\Runs\100621_IL22_04892"] [Incorporation] [9] ["Z:\IL22\incoming"] [False] [True] [True] 
Mon 06/21/2010 21:37:38.32  
Event Scripts Version 4.27   
Cycle Number            = 10  
Cycle Type              = Incorporation  [Service=n] 
Run folder              = D:\Runs\100621_IL22_04892  
Network archive root    = Z:\IL22\incoming 
Copy images to network  = false  
Copy results to network = true  
Delete image files      = true 
Network Run Folder      = Z:\IL22\incoming\100621_IL22_04892 
Script State Folder     = D:\Runs\100621_IL22_04892\EventScripts  
Base Run Folder         = 100621_IL22_04892  
Run Folder Name         = 100621_IL22_04892 
 
Checking for RTA launch criteria. 
Script Root Folder path = C:\Illumina\SCS2.8\EventScripts 
RTA executable path = C:\Illumina\SCS2.8\RTA 
Service=n, PairedEnd=y CycleNbr=10, CycleType=Incorporation, 
Cleanup cycle tag files. 
Deleting run state tag files. 
Deleting "D:\Runs\100621_IL22_04892\EventScripts\Read1Active.txt" 
Checking for customer Cycle Start event handler. 
Cycle 10 Start processing complete. Errcode=0 
  
=================================================================  
CycleComplete  ["D:\Runs\100621_IL22_04892"] [Incorporation] [9] ["Z:\IL22\incoming"] [False] [True] [True] 
Mon 06/21/2010 22:24:15.92  
Event Scripts Version 4.27    
Cycle Number            = 10  
Cycle Type              = Incorporation  [Service=n] 
Run folder              = D:\Runs\100621_IL22_04892  
Network archive root    = Z:\IL22\incoming 
Copy images to network  = false  
Copy results to network = true  
Delete image files      = true 
Network Run Folder      = Z:\IL22\incoming\100621_IL22_04892 
Script State Folder     = D:\Runs\100621_IL22_04892\EventScripts  
Base Run Folder         = 100621_IL22_04892  
Run Folder Name         = 100621_IL22_04892 
  
Service recipe flag set to false. [n]  
CycleNbr=10 CycleType=Incorporation  Service=n 
No runbrowser reports for this cycle. 
No network copy: Service=n  NetCopyEnabled=true  CycleType=Incorporation. 
Checking for customer Cycle Complete Post Net Copy event handler. 
CycleComplete processing finished for Cycle 10. [errcode=0] 
Service recipe flag set to false. [n] 
=================================================================  
CycleStart  ["D:\Runs\100621_IL22_04892"] [Incorporation] [10] ["Z:\IL22\incoming"] [False] [True] [True] 
Mon 06/21/2010 22:43:09.06  
Event Scripts Version 4.27   
Cycle Number            = 11  
Cycle Type              = Incorporation  [Service=n] 
Run folder              = D:\Runs\100621_IL22_04892  
Network archive root    = Z:\IL22\incoming 
Copy images to network  = false  
Copy results to network = true  
Delete image files      = true 
Network Run Folder      = Z:\IL22\incoming\100621_IL22_04892 
Script State Folder     = D:\Runs\100621_IL22_04892\EventScripts  
Base Run Folder         = 100621_IL22_04892  
Run Folder Name         = 100621_IL22_04892 
 
Checking for RTA launch criteria. 
Script Root Folder path = C:\Illumina\SCS2.8\EventScripts 
RTA executable path = C:\Illumina\SCS2.8\RTA 
Service=n, PairedEnd=y CycleNbr=11, CycleType=Incorporation, 
Cleanup cycle tag files. 
Deleting run state tag files. 
Deleting "D:\Runs\100621_IL22_04892\EventScripts\Read1Active.txt" 
Checking for customer Cycle Start event handler. 
Cycle 11 Start processing complete. Errcode=0 
  
=================================================================  
CycleComplete  ["D:\Runs\100621_IL22_04892"] [Incorporation] [10] ["Z:\IL22\incoming"] [False] [True] [True] 
Mon 06/21/2010 23:29:56.29  
Event Scripts Version 4.27    
Cycle Number            = 11  
Cycle Type              = Incorporation  [Service=n] 
Run folder              = D:\Runs\100621_IL22_04892  
Network archive root    = Z:\IL22\incoming 
Copy images to network  = false  
Copy results to network = true  
Delete image files      = true 
Network Run Folder      = Z:\IL22\incoming\100621_IL22_04892 
Script State Folder     = D:\Runs\100621_IL22_04892\EventScripts  
Base Run Folder         = 100621_IL22_04892  
Run Folder Name         = 100621_IL22_04892 
  
Service recipe flag set to false. [n]  
CycleNbr=11 CycleType=Incorporation  Service=n 
No runbrowser reports for this cycle. 
No network copy: Service=n  NetCopyEnabled=true  CycleType=Incorporation. 
Checking for customer Cycle Complete Post Net Copy event handler. 
CycleComplete processing finished for Cycle 11. [errcode=0] 
Service recipe flag set to false. [n] 
=================================================================  
CycleStart  ["D:\Runs\100621_IL22_04892"] [Incorporation] [11] ["Z:\IL22\incoming"] [False] [True] [True] 
Mon 06/21/2010 23:48:49.54  
Event Scripts Version 4.27   
Cycle Number            = 12  
Cycle Type              = Incorporation  [Service=n] 
Run folder              = D:\Runs\100621_IL22_04892  
Network archive root    = Z:\IL22\incoming 
Copy images to network  = false  
Copy results to network = true  
Delete image files      = true 
Network Run Folder      = Z:\IL22\incoming\100621_IL22_04892 
Script State Folder     = D:\Runs\100621_IL22_04892\EventScripts  
Base Run Folder         = 100621_IL22_04892  
Run Folder Name         = 100621_IL22_04892 
 
Checking for RTA launch criteria. 
Script Root Folder path = C:\Illumina\SCS2.8\EventScripts 
RTA executable path = C:\Illumina\SCS2.8\RTA 
Service=n, PairedEnd=y CycleNbr=12, CycleType=Incorporation, 
Cleanup cycle tag files. 
Deleting run state tag files. 
Deleting "D:\Runs\100621_IL22_04892\EventScripts\Read1Active.txt" 
Checking for customer Cycle Start event handler. 
Cycle 12 Start processing complete. Errcode=0 
  
=================================================================  
CycleComplete  ["D:\Runs\100621_IL22_04892"] [Incorporation] [11] ["Z:\IL22\incoming"] [False] [True] [True] 
Tue 06/22/2010  0:35:35.60  
Event Scripts Version 4.27    
Cycle Number            = 12  
Cycle Type              = Incorporation  [Service=n] 
Run folder              = D:\Runs\100621_IL22_04892  
Network archive root    = Z:\IL22\incoming 
Copy images to network  = false  
Copy results to network = true  
Delete image files      = true 
Network Run Folder      = Z:\IL22\incoming\100621_IL22_04892 
Script State Folder     = D:\Runs\100621_IL22_04892\EventScripts  
Base Run Folder         = 100621_IL22_04892  
Run Folder Name         = 100621_IL22_04892 
  
Service recipe flag set to false. [n]  
CycleNbr=12 CycleType=Incorporation  Service=n 
No runbrowser reports for this cycle. 
No network copy: Service=n  NetCopyEnabled=true  CycleType=Incorporation. 
Checking for customer Cycle Complete Post Net Copy event handler. 
CycleComplete processing finished for Cycle 12. [errcode=0] 
Service recipe flag set to false. [n] 
=================================================================  
CycleStart  ["D:\Runs\100621_IL22_04892"] [Incorporation] [12] ["Z:\IL22\incoming"] [False] [True] [True] 
Tue 06/22/2010  0:54:29.65  
Event Scripts Version 4.27   
Cycle Number            = 13  
Cycle Type              = Incorporation  [Service=n] 
Run folder              = D:\Runs\100621_IL22_04892  
Network archive root    = Z:\IL22\incoming 
Copy images to network  = false  
Copy results to network = true  
Delete image files      = true 
Network Run Folder      = Z:\IL22\incoming\100621_IL22_04892 
Script State Folder     = D:\Runs\100621_IL22_04892\EventScripts  
Base Run Folder         = 100621_IL22_04892  
Run Folder Name         = 100621_IL22_04892 
 
Checking for RTA launch criteria. 
Script Root Folder path = C:\Illumina\SCS2.8\EventScripts 
RTA executable path = C:\Illumina\SCS2.8\RTA 
Service=n, PairedEnd=y CycleNbr=13, CycleType=Incorporation, 
Cleanup cycle tag files. 
Deleting run state tag files. 
Deleting "D:\Runs\100621_IL22_04892\EventScripts\Read1Active.txt" 
Checking for customer Cycle Start event handler. 
Cycle 13 Start processing complete. Errcode=0 
  
=================================================================  
CycleComplete  ["D:\Runs\100621_IL22_04892"] [Incorporation] [12] ["Z:\IL22\incoming"] [False] [True] [True] 
Tue 06/22/2010  1:41:35.57  
Event Scripts Version 4.27    
Cycle Number            = 13  
Cycle Type              = Incorporation  [Service=n] 
Run folder              = D:\Runs\100621_IL22_04892  
Network archive root    = Z:\IL22\incoming 
Copy images to network  = false  
Copy results to network = true  
Delete image files      = true 
Network Run Folder      = Z:\IL22\incoming\100621_IL22_04892 
Script State Folder     = D:\Runs\100621_IL22_04892\EventScripts  
Base Run Folder         = 100621_IL22_04892  
Run Folder Name         = 100621_IL22_04892 
  
Service recipe flag set to false. [n]  
CycleNbr=13 CycleType=Incorporation  Service=n 
No runbrowser reports for this cycle. 
No network copy: Service=n  NetCopyEnabled=true  CycleType=Incorporation. 
Checking for customer Cycle Complete Post Net Copy event handler. 
CycleComplete processing finished for Cycle 13. [errcode=0] 
Service recipe flag set to false. [n] 
=================================================================  
CycleStart  ["D:\Runs\100621_IL22_04892"] [Incorporation] [13] ["Z:\IL22\incoming"] [False] [True] [True] 
Tue 06/22/2010  2:00:28.65  
Event Scripts Version 4.27   
Cycle Number            = 14  
Cycle Type              = Incorporation  [Service=n] 
Run folder              = D:\Runs\100621_IL22_04892  
Network archive root    = Z:\IL22\incoming 
Copy images to network  = false  
Copy results to network = true  
Delete image files      = true 
Network Run Folder      = Z:\IL22\incoming\100621_IL22_04892 
Script State Folder     = D:\Runs\100621_IL22_04892\EventScripts  
Base Run Folder         = 100621_IL22_04892  
Run Folder Name         = 100621_IL22_04892 
 
Checking for RTA launch criteria. 
Script Root Folder path = C:\Illumina\SCS2.8\EventScripts 
RTA executable path = C:\Illumina\SCS2.8\RTA 
Service=n, PairedEnd=y CycleNbr=14, CycleType=Incorporation, 
Cleanup cycle tag files. 
Deleting run state tag files. 
Deleting "D:\Runs\100621_IL22_04892\EventScripts\Read1Active.txt" 
Checking for customer Cycle Start event handler. 
Cycle 14 Start processing complete. Errcode=0 
  
=================================================================  
CycleComplete  ["D:\Runs\100621_IL22_04892"] [Incorporation] [13] ["Z:\IL22\incoming"] [False] [True] [True] 
Tue 06/22/2010  2:47:22.95  
Event Scripts Version 4.27    
Cycle Number            = 14  
Cycle Type              = Incorporation  [Service=n] 
Run folder              = D:\Runs\100621_IL22_04892  
Network archive root    = Z:\IL22\incoming 
Copy images to network  = false  
Copy results to network = true  
Delete image files      = true 
Network Run Folder      = Z:\IL22\incoming\100621_IL22_04892 
Script State Folder     = D:\Runs\100621_IL22_04892\EventScripts  
Base Run Folder         = 100621_IL22_04892  
Run Folder Name         = 100621_IL22_04892 
  
Service recipe flag set to false. [n]  
CycleNbr=14 CycleType=Incorporation  Service=n 
No runbrowser reports for this cycle. 
No network copy: Service=n  NetCopyEnabled=true  CycleType=Incorporation. 
Checking for customer Cycle Complete Post Net Copy event handler. 
CycleComplete processing finished for Cycle 14. [errcode=0] 
Service recipe flag set to false. [n] 
=================================================================  
CycleStart  ["D:\Runs\100621_IL22_04892"] [Incorporation] [14] ["Z:\IL22\incoming"] [False] [True] [True] 
Tue 06/22/2010  3:06:16.14  
Event Scripts Version 4.27   
Cycle Number            = 15  
Cycle Type              = Incorporation  [Service=n] 
Run folder              = D:\Runs\100621_IL22_04892  
Network archive root    = Z:\IL22\incoming 
Copy images to network  = false  
Copy results to network = true  
Delete image files      = true 
Network Run Folder      = Z:\IL22\incoming\100621_IL22_04892 
Script State Folder     = D:\Runs\100621_IL22_04892\EventScripts  
Base Run Folder         = 100621_IL22_04892  
Run Folder Name         = 100621_IL22_04892 
 
Checking for RTA launch criteria. 
Script Root Folder path = C:\Illumina\SCS2.8\EventScripts 
RTA executable path = C:\Illumina\SCS2.8\RTA 
Service=n, PairedEnd=y CycleNbr=15, CycleType=Incorporation, 
Cleanup cycle tag files. 
Deleting run state tag files. 
Deleting "D:\Runs\100621_IL22_04892\EventScripts\Read1Active.txt" 
Checking for customer Cycle Start event handler. 
Cycle 15 Start processing complete. Errcode=0 
  
=================================================================  
CycleComplete  ["D:\Runs\100621_IL22_04892"] [Incorporation] [14] ["Z:\IL22\incoming"] [False] [True] [True] 
Tue 06/22/2010  3:53:05.51  
Event Scripts Version 4.27    
Cycle Number            = 15  
Cycle Type              = Incorporation  [Service=n] 
Run folder              = D:\Runs\100621_IL22_04892  
Network archive root    = Z:\IL22\incoming 
Copy images to network  = false  
Copy results to network = true  
Delete image files      = true 
Network Run Folder      = Z:\IL22\incoming\100621_IL22_04892 
Script State Folder     = D:\Runs\100621_IL22_04892\EventScripts  
Base Run Folder         = 100621_IL22_04892  
Run Folder Name         = 100621_IL22_04892 
  
Service recipe flag set to false. [n]  
CycleNbr=15 CycleType=Incorporation  Service=n 
No runbrowser reports for this cycle. 
No network copy: Service=n  NetCopyEnabled=true  CycleType=Incorporation. 
Checking for customer Cycle Complete Post Net Copy event handler. 
CycleComplete processing finished for Cycle 15. [errcode=0] 
Service recipe flag set to false. [n] 
=================================================================  
CycleStart  ["D:\Runs\100621_IL22_04892"] [Incorporation] [15] ["Z:\IL22\incoming"] [False] [True] [True] 
Tue 06/22/2010  4:11:59.03  
Event Scripts Version 4.27   
Cycle Number            = 16  
Cycle Type              = Incorporation  [Service=n] 
Run folder              = D:\Runs\100621_IL22_04892  
Network archive root    = Z:\IL22\incoming 
Copy images to network  = false  
Copy results to network = true  
Delete image files      = true 
Network Run Folder      = Z:\IL22\incoming\100621_IL22_04892 
Script State Folder     = D:\Runs\100621_IL22_04892\EventScripts  
Base Run Folder         = 100621_IL22_04892  
Run Folder Name         = 100621_IL22_04892 
 
Checking for RTA launch criteria. 
Script Root Folder path = C:\Illumina\SCS2.8\EventScripts 
RTA executable path = C:\Illumina\SCS2.8\RTA 
Service=n, PairedEnd=y CycleNbr=16, CycleType=Incorporation, 
Cleanup cycle tag files. 
Deleting run state tag files. 
Deleting "D:\Runs\100621_IL22_04892\EventScripts\Read1Active.txt" 
Checking for customer Cycle Start event handler. 
Cycle 16 Start processing complete. Errcode=0 
  
=================================================================  
CycleComplete  ["D:\Runs\100621_IL22_04892"] [Incorporation] [15] ["Z:\IL22\incoming"] [False] [True] [True] 
Tue 06/22/2010  4:58:57.92  
Event Scripts Version 4.27    
Cycle Number            = 16  
Cycle Type              = Incorporation  [Service=n] 
Run folder              = D:\Runs\100621_IL22_04892  
Network archive root    = Z:\IL22\incoming 
Copy images to network  = false  
Copy results to network = true  
Delete image files      = true 
Network Run Folder      = Z:\IL22\incoming\100621_IL22_04892 
Script State Folder     = D:\Runs\100621_IL22_04892\EventScripts  
Base Run Folder         = 100621_IL22_04892  
Run Folder Name         = 100621_IL22_04892 
  
Service recipe flag set to false. [n]  
CycleNbr=16 CycleType=Incorporation  Service=n 
No runbrowser reports for this cycle. 
No network copy: Service=n  NetCopyEnabled=true  CycleType=Incorporation. 
Checking for customer Cycle Complete Post Net Copy event handler. 
CycleComplete processing finished for Cycle 16. [errcode=0] 
Service recipe flag set to false. [n] 
=================================================================  
CycleStart  ["D:\Runs\100621_IL22_04892"] [Incorporation] [16] ["Z:\IL22\incoming"] [False] [True] [True] 
Tue 06/22/2010  5:17:51.04  
Event Scripts Version 4.27   
Cycle Number            = 17  
Cycle Type              = Incorporation  [Service=n] 
Run folder              = D:\Runs\100621_IL22_04892  
Network archive root    = Z:\IL22\incoming 
Copy images to network  = false  
Copy results to network = true  
Delete image files      = true 
Network Run Folder      = Z:\IL22\incoming\100621_IL22_04892 
Script State Folder     = D:\Runs\100621_IL22_04892\EventScripts  
Base Run Folder         = 100621_IL22_04892  
Run Folder Name         = 100621_IL22_04892 
 
Checking for RTA launch criteria. 
Script Root Folder path = C:\Illumina\SCS2.8\EventScripts 
RTA executable path = C:\Illumina\SCS2.8\RTA 
Service=n, PairedEnd=y CycleNbr=17, CycleType=Incorporation, 
Cleanup cycle tag files. 
Deleting run state tag files. 
Deleting "D:\Runs\100621_IL22_04892\EventScripts\Read1Active.txt" 
Checking for customer Cycle Start event handler. 
Cycle 17 Start processing complete. Errcode=0 
  
=================================================================  
CycleComplete  ["D:\Runs\100621_IL22_04892"] [Incorporation] [16] ["Z:\IL22\incoming"] [False] [True] [True] 
Tue 06/22/2010  6:04:41.40  
Event Scripts Version 4.27    
Cycle Number            = 17  
Cycle Type              = Incorporation  [Service=n] 
Run folder              = D:\Runs\100621_IL22_04892  
Network archive root    = Z:\IL22\incoming 
Copy images to network  = false  
Copy results to network = true  
Delete image files      = true 
Network Run Folder      = Z:\IL22\incoming\100621_IL22_04892 
Script State Folder     = D:\Runs\100621_IL22_04892\EventScripts  
Base Run Folder         = 100621_IL22_04892  
Run Folder Name         = 100621_IL22_04892 
  
Service recipe flag set to false. [n]  
CycleNbr=17 CycleType=Incorporation  Service=n 
No runbrowser reports for this cycle. 
No network copy: Service=n  NetCopyEnabled=true  CycleType=Incorporation. 
Checking for customer Cycle Complete Post Net Copy event handler. 
CycleComplete processing finished for Cycle 17. [errcode=0] 
Service recipe flag set to false. [n] 
=================================================================  
CycleStart  ["D:\Runs\100621_IL22_04892"] [Incorporation] [17] ["Z:\IL22\incoming"] [False] [True] [True] 
Tue 06/22/2010  6:23:34.50  
Event Scripts Version 4.27   
Cycle Number            = 18  
Cycle Type              = Incorporation  [Service=n] 
Run folder              = D:\Runs\100621_IL22_04892  
Network archive root    = Z:\IL22\incoming 
Copy images to network  = false  
Copy results to network = true  
Delete image files      = true 
Network Run Folder      = Z:\IL22\incoming\100621_IL22_04892 
Script State Folder     = D:\Runs\100621_IL22_04892\EventScripts  
Base Run Folder         = 100621_IL22_04892  
Run Folder Name         = 100621_IL22_04892 
 
Checking for RTA launch criteria. 
Script Root Folder path = C:\Illumina\SCS2.8\EventScripts 
RTA executable path = C:\Illumina\SCS2.8\RTA 
Service=n, PairedEnd=y CycleNbr=18, CycleType=Incorporation, 
Cleanup cycle tag files. 
Deleting run state tag files. 
Deleting "D:\Runs\100621_IL22_04892\EventScripts\Read1Active.txt" 
Checking for customer Cycle Start event handler. 
Cycle 18 Start processing complete. Errcode=0 
  
=================================================================  
CycleComplete  ["D:\Runs\100621_IL22_04892"] [Incorporation] [17] ["Z:\IL22\incoming"] [False] [True] [True] 
Tue 06/22/2010  7:10:43.26  
Event Scripts Version 4.27    
Cycle Number            = 18  
Cycle Type              = Incorporation  [Service=n] 
Run folder              = D:\Runs\100621_IL22_04892  
Network archive root    = Z:\IL22\incoming 
Copy images to network  = false  
Copy results to network = true  
Delete image files      = true 
Network Run Folder      = Z:\IL22\incoming\100621_IL22_04892 
Script State Folder     = D:\Runs\100621_IL22_04892\EventScripts  
Base Run Folder         = 100621_IL22_04892  
Run Folder Name         = 100621_IL22_04892 
  
Service recipe flag set to false. [n]  
CycleNbr=18 CycleType=Incorporation  Service=n 
No runbrowser reports for this cycle. 
No network copy: Service=n  NetCopyEnabled=true  CycleType=Incorporation. 
Checking for customer Cycle Complete Post Net Copy event handler. 
CycleComplete processing finished for Cycle 18. [errcode=0] 
Service recipe flag set to false. [n] 
=================================================================  
CycleStart  ["D:\Runs\100621_IL22_04892"] [Incorporation] [18] ["Z:\IL22\incoming"] [False] [True] [True] 
Tue 06/22/2010  7:29:36.42  
Event Scripts Version 4.27   
Cycle Number            = 19  
Cycle Type              = Incorporation  [Service=n] 
Run folder              = D:\Runs\100621_IL22_04892  
Network archive root    = Z:\IL22\incoming 
Copy images to network  = false  
Copy results to network = true  
Delete image files      = true 
Network Run Folder      = Z:\IL22\incoming\100621_IL22_04892 
Script State Folder     = D:\Runs\100621_IL22_04892\EventScripts  
Base Run Folder         = 100621_IL22_04892  
Run Folder Name         = 100621_IL22_04892 
 
Checking for RTA launch criteria. 
Script Root Folder path = C:\Illumina\SCS2.8\EventScripts 
RTA executable path = C:\Illumina\SCS2.8\RTA 
Service=n, PairedEnd=y CycleNbr=19, CycleType=Incorporation, 
Cleanup cycle tag files. 
Deleting run state tag files. 
Deleting "D:\Runs\100621_IL22_04892\EventScripts\Read1Active.txt" 
Checking for customer Cycle Start event handler. 
Cycle 19 Start processing complete. Errcode=0 
  
=================================================================  
CycleComplete  ["D:\Runs\100621_IL22_04892"] [Incorporation] [18] ["Z:\IL22\incoming"] [False] [True] [True] 
Tue 06/22/2010  8:16:36.82  
Event Scripts Version 4.27    
Cycle Number            = 19  
Cycle Type              = Incorporation  [Service=n] 
Run folder              = D:\Runs\100621_IL22_04892  
Network archive root    = Z:\IL22\incoming 
Copy images to network  = false  
Copy results to network = true  
Delete image files      = true 
Network Run Folder      = Z:\IL22\incoming\100621_IL22_04892 
Script State Folder     = D:\Runs\100621_IL22_04892\EventScripts  
Base Run Folder         = 100621_IL22_04892  
Run Folder Name         = 100621_IL22_04892 
  
Service recipe flag set to false. [n]  
CycleNbr=19 CycleType=Incorporation  Service=n 
No runbrowser reports for this cycle. 
No network copy: Service=n  NetCopyEnabled=true  CycleType=Incorporation. 
Checking for customer Cycle Complete Post Net Copy event handler. 
CycleComplete processing finished for Cycle 19. [errcode=0] 
Service recipe flag set to false. [n] 
=================================================================  
CycleStart  ["D:\Runs\100621_IL22_04892"] [Incorporation] [19] ["Z:\IL22\incoming"] [False] [True] [True] 
Tue 06/22/2010  8:35:29.87  
Event Scripts Version 4.27   
Cycle Number            = 20  
Cycle Type              = Incorporation  [Service=n] 
Run folder              = D:\Runs\100621_IL22_04892  
Network archive root    = Z:\IL22\incoming 
Copy images to network  = false  
Copy results to network = true  
Delete image files      = true 
Network Run Folder      = Z:\IL22\incoming\100621_IL22_04892 
Script State Folder     = D:\Runs\100621_IL22_04892\EventScripts  
Base Run Folder         = 100621_IL22_04892  
Run Folder Name         = 100621_IL22_04892 
 
Checking for RTA launch criteria. 
Script Root Folder path = C:\Illumina\SCS2.8\EventScripts 
RTA executable path = C:\Illumina\SCS2.8\RTA 
Service=n, PairedEnd=y CycleNbr=20, CycleType=Incorporation, 
Cleanup cycle tag files. 
Deleting run state tag files. 
Deleting "D:\Runs\100621_IL22_04892\EventScripts\Read1Active.txt" 
Checking for customer Cycle Start event handler. 
Cycle 20 Start processing complete. Errcode=0 
  
=================================================================  
CycleComplete  ["D:\Runs\100621_IL22_04892"] [Incorporation] [19] ["Z:\IL22\incoming"] [False] [True] [True] 
Tue 06/22/2010  9:22:19.45  
Event Scripts Version 4.27    
Cycle Number            = 20  
Cycle Type              = Incorporation  [Service=n] 
Run folder              = D:\Runs\100621_IL22_04892  
Network archive root    = Z:\IL22\incoming 
Copy images to network  = false  
Copy results to network = true  
Delete image files      = true 
Network Run Folder      = Z:\IL22\incoming\100621_IL22_04892 
Script State Folder     = D:\Runs\100621_IL22_04892\EventScripts  
Base Run Folder         = 100621_IL22_04892  
Run Folder Name         = 100621_IL22_04892 
  
Service recipe flag set to false. [n]  
CycleNbr=20 CycleType=Incorporation  Service=n 
No runbrowser reports for this cycle. 
No network copy: Service=n  NetCopyEnabled=true  CycleType=Incorporation. 
Checking for customer Cycle Complete Post Net Copy event handler. 
CycleComplete processing finished for Cycle 20. [errcode=0] 
Service recipe flag set to false. [n] 
=================================================================  
CycleStart  ["D:\Runs\100621_IL22_04892"] [Incorporation] [20] ["Z:\IL22\incoming"] [False] [True] [True] 
Tue 06/22/2010  9:41:12.71  
Event Scripts Version 4.27   
Cycle Number            = 21  
Cycle Type              = Incorporation  [Service=n] 
Run folder              = D:\Runs\100621_IL22_04892  
Network archive root    = Z:\IL22\incoming 
Copy images to network  = false  
Copy results to network = true  
Delete image files      = true 
Network Run Folder      = Z:\IL22\incoming\100621_IL22_04892 
Script State Folder     = D:\Runs\100621_IL22_04892\EventScripts  
Base Run Folder         = 100621_IL22_04892  
Run Folder Name         = 100621_IL22_04892 
 
Checking for RTA launch criteria. 
Script Root Folder path = C:\Illumina\SCS2.8\EventScripts 
RTA executable path = C:\Illumina\SCS2.8\RTA 
Service=n, PairedEnd=y CycleNbr=21, CycleType=Incorporation, 
Cleanup cycle tag files. 
Deleting run state tag files. 
Deleting "D:\Runs\100621_IL22_04892\EventScripts\Read1Active.txt" 
Checking for customer Cycle Start event handler. 
Cycle 21 Start processing complete. Errcode=0 
  
=================================================================  
CycleComplete  ["D:\Runs\100621_IL22_04892"] [Incorporation] [20] ["Z:\IL22\incoming"] [False] [True] [True] 
Tue 06/22/2010 10:28:01.28  
Event Scripts Version 4.27    
Cycle Number            = 21  
Cycle Type              = Incorporation  [Service=n] 
Run folder              = D:\Runs\100621_IL22_04892  
Network archive root    = Z:\IL22\incoming 
Copy images to network  = false  
Copy results to network = true  
Delete image files      = true 
Network Run Folder      = Z:\IL22\incoming\100621_IL22_04892 
Script State Folder     = D:\Runs\100621_IL22_04892\EventScripts  
Base Run Folder         = 100621_IL22_04892  
Run Folder Name         = 100621_IL22_04892 
  
Service recipe flag set to false. [n]  
CycleNbr=21 CycleType=Incorporation  Service=n 
No runbrowser reports for this cycle. 
No network copy: Service=n  NetCopyEnabled=true  CycleType=Incorporation. 
Checking for customer Cycle Complete Post Net Copy event handler. 
CycleComplete processing finished for Cycle 21. [errcode=0] 
Service recipe flag set to false. [n] 
=================================================================  
CycleStart  ["D:\Runs\100621_IL22_04892"] [Incorporation] [21] ["Z:\IL22\incoming"] [False] [True] [True] 
Tue 06/22/2010 10:46:54.54  
Event Scripts Version 4.27   
Cycle Number            = 22  
Cycle Type              = Incorporation  [Service=n] 
Run folder              = D:\Runs\100621_IL22_04892  
Network archive root    = Z:\IL22\incoming 
Copy images to network  = false  
Copy results to network = true  
Delete image files      = true 
Network Run Folder      = Z:\IL22\incoming\100621_IL22_04892 
Script State Folder     = D:\Runs\100621_IL22_04892\EventScripts  
Base Run Folder         = 100621_IL22_04892  
Run Folder Name         = 100621_IL22_04892 
 
Checking for RTA launch criteria. 
Script Root Folder path = C:\Illumina\SCS2.8\EventScripts 
RTA executable path = C:\Illumina\SCS2.8\RTA 
Service=n, PairedEnd=y CycleNbr=22, CycleType=Incorporation, 
Cleanup cycle tag files. 
Deleting run state tag files. 
Deleting "D:\Runs\100621_IL22_04892\EventScripts\Read1Active.txt" 
Checking for customer Cycle Start event handler. 
Cycle 22 Start processing complete. Errcode=0 
  
=================================================================  
CycleComplete  ["D:\Runs\100621_IL22_04892"] [Incorporation] [21] ["Z:\IL22\incoming"] [False] [True] [True] 
Tue 06/22/2010 11:33:46.65  
Event Scripts Version 4.27    
Cycle Number            = 22  
Cycle Type              = Incorporation  [Service=n] 
Run folder              = D:\Runs\100621_IL22_04892  
Network archive root    = Z:\IL22\incoming 
Copy images to network  = false  
Copy results to network = true  
Delete image files      = true 
Network Run Folder      = Z:\IL22\incoming\100621_IL22_04892 
Script State Folder     = D:\Runs\100621_IL22_04892\EventScripts  
Base Run Folder         = 100621_IL22_04892  
Run Folder Name         = 100621_IL22_04892 
  
Service recipe flag set to false. [n]  
CycleNbr=22 CycleType=Incorporation  Service=n 
No runbrowser reports for this cycle. 
No network copy: Service=n  NetCopyEnabled=true  CycleType=Incorporation. 
Checking for customer Cycle Complete Post Net Copy event handler. 
CycleComplete processing finished for Cycle 22. [errcode=0] 
Service recipe flag set to false. [n] 
=================================================================  
CycleStart  ["D:\Runs\100621_IL22_04892"] [Incorporation] [22] ["Z:\IL22\incoming"] [False] [True] [True] 
Tue 06/22/2010 11:52:39.89  
Event Scripts Version 4.27   
Cycle Number            = 23  
Cycle Type              = Incorporation  [Service=n] 
Run folder              = D:\Runs\100621_IL22_04892  
Network archive root    = Z:\IL22\incoming 
Copy images to network  = false  
Copy results to network = true  
Delete image files      = true 
Network Run Folder      = Z:\IL22\incoming\100621_IL22_04892 
Script State Folder     = D:\Runs\100621_IL22_04892\EventScripts  
Base Run Folder         = 100621_IL22_04892  
Run Folder Name         = 100621_IL22_04892 
 
Checking for RTA launch criteria. 
Script Root Folder path = C:\Illumina\SCS2.8\EventScripts 
RTA executable path = C:\Illumina\SCS2.8\RTA 
Service=n, PairedEnd=y CycleNbr=23, CycleType=Incorporation, 
Cleanup cycle tag files. 
Deleting run state tag files. 
Deleting "D:\Runs\100621_IL22_04892\EventScripts\Read1Active.txt" 
Checking for customer Cycle Start event handler. 
Cycle 23 Start processing complete. Errcode=0 
  
=================================================================  
CycleComplete  ["D:\Runs\100621_IL22_04892"] [Incorporation] [22] ["Z:\IL22\incoming"] [False] [True] [True] 
Tue 06/22/2010 12:39:24.54  
Event Scripts Version 4.27    
Cycle Number            = 23  
Cycle Type              = Incorporation  [Service=n] 
Run folder              = D:\Runs\100621_IL22_04892  
Network archive root    = Z:\IL22\incoming 
Copy images to network  = false  
Copy results to network = true  
Delete image files      = true 
Network Run Folder      = Z:\IL22\incoming\100621_IL22_04892 
Script State Folder     = D:\Runs\100621_IL22_04892\EventScripts  
Base Run Folder         = 100621_IL22_04892  
Run Folder Name         = 100621_IL22_04892 
  
Service recipe flag set to false. [n]  
CycleNbr=23 CycleType=Incorporation  Service=n 
No runbrowser reports for this cycle. 
No network copy: Service=n  NetCopyEnabled=true  CycleType=Incorporation. 
Checking for customer Cycle Complete Post Net Copy event handler. 
CycleComplete processing finished for Cycle 23. [errcode=0] 
Service recipe flag set to false. [n] 
=================================================================  
CycleStart  ["D:\Runs\100621_IL22_04892"] [Incorporation] [23] ["Z:\IL22\incoming"] [False] [True] [True] 
Tue 06/22/2010 12:58:17.70  
Event Scripts Version 4.27   
Cycle Number            = 24  
Cycle Type              = Incorporation  [Service=n] 
Run folder              = D:\Runs\100621_IL22_04892  
Network archive root    = Z:\IL22\incoming 
Copy images to network  = false  
Copy results to network = true  
Delete image files      = true 
Network Run Folder      = Z:\IL22\incoming\100621_IL22_04892 
Script State Folder     = D:\Runs\100621_IL22_04892\EventScripts  
Base Run Folder         = 100621_IL22_04892  
Run Folder Name         = 100621_IL22_04892 
 
Checking for RTA launch criteria. 
Script Root Folder path = C:\Illumina\SCS2.8\EventScripts 
RTA executable path = C:\Illumina\SCS2.8\RTA 
Service=n, PairedEnd=y CycleNbr=24, CycleType=Incorporation, 
Cleanup cycle tag files. 
Deleting run state tag files. 
Deleting "D:\Runs\100621_IL22_04892\EventScripts\Read1Active.txt" 
Checking for customer Cycle Start event handler. 
Cycle 24 Start processing complete. Errcode=0 
  
=================================================================  
CycleComplete  ["D:\Runs\100621_IL22_04892"] [Incorporation] [23] ["Z:\IL22\incoming"] [False] [True] [True] 
Tue 06/22/2010 13:44:56.51  
Event Scripts Version 4.27    
Cycle Number            = 24  
Cycle Type              = Incorporation  [Service=n] 
Run folder              = D:\Runs\100621_IL22_04892  
Network archive root    = Z:\IL22\incoming 
Copy images to network  = false  
Copy results to network = true  
Delete image files      = true 
Network Run Folder      = Z:\IL22\incoming\100621_IL22_04892 
Script State Folder     = D:\Runs\100621_IL22_04892\EventScripts  
Base Run Folder         = 100621_IL22_04892  
Run Folder Name         = 100621_IL22_04892 
  
Service recipe flag set to false. [n]  
Network copy disabled. No copying will be done. 
CycleNbr=24 CycleType=Incorporation  Service=n 
No runbrowser reports for this cycle. 
No network copy: Service=n  NetCopyEnabled=false  CycleType=Incorporation. 
Checking for customer Cycle Complete Post Net Copy event handler. 
CycleComplete processing finished for Cycle 24. [errcode=0] 
Service recipe flag set to false. [n] 
=================================================================  
CycleStart  ["D:\Runs\100621_IL22_04892"] [Incorporation] [24] ["Z:\IL22\incoming"] [False] [True] [True] 
Tue 06/22/2010 14:03:46.20  
Event Scripts Version 4.27   
Cycle Number            = 25  
Cycle Type              = Incorporation  [Service=n] 
Run folder              = D:\Runs\100621_IL22_04892  
Network archive root    = Z:\IL22\incoming 
Copy images to network  = false  
Copy results to network = true  
Delete image files      = true 
Network Run Folder      = Z:\IL22\incoming\100621_IL22_04892 
Script State Folder     = D:\Runs\100621_IL22_04892\EventScripts  
Base Run Folder         = 100621_IL22_04892  
Run Folder Name         = 100621_IL22_04892 
 
Checking for RTA launch criteria. 
Script Root Folder path = C:\Illumina\SCS2.8\EventScripts 
RTA executable path = C:\Illumina\SCS2.8\RTA 
Service=n, PairedEnd=y CycleNbr=25, CycleType=Incorporation, 
Cleanup cycle tag files. 
Deleting run state tag files. 
Deleting "D:\Runs\100621_IL22_04892\EventScripts\Read1Active.txt" 
Checking for customer Cycle Start event handler. 
Cycle 25 Start processing complete. Errcode=0 
  
=================================================================  
CycleComplete  ["D:\Runs\100621_IL22_04892"] [Incorporation] [24] ["Z:\IL22\incoming"] [False] [True] [True] 
Tue 06/22/2010 14:51:10.21  
Event Scripts Version 4.27    
Cycle Number            = 25  
Cycle Type              = Incorporation  [Service=n] 
Run folder              = D:\Runs\100621_IL22_04892  
Network archive root    = Z:\IL22\incoming 
Copy images to network  = false  
Copy results to network = true  
Delete image files      = true 
Network Run Folder      = Z:\IL22\incoming\100621_IL22_04892 
Script State Folder     = D:\Runs\100621_IL22_04892\EventScripts  
Base Run Folder         = 100621_IL22_04892  
Run Folder Name         = 100621_IL22_04892 
  
Service recipe flag set to false. [n]  
Network copy disabled. No copying will be done. 
CycleNbr=25 CycleType=Incorporation  Service=n 
No runbrowser reports for this cycle. 
No network copy: Service=n  NetCopyEnabled=false  CycleType=Incorporation. 
Checking for customer Cycle Complete Post Net Copy event handler. 
CycleComplete processing finished for Cycle 25. [errcode=0] 
Service recipe flag set to false. [n] 
=================================================================  
CycleStart  ["D:\Runs\100621_IL22_04892"] [Incorporation] [25] ["Z:\IL22\incoming"] [False] [True] [True] 
Tue 06/22/2010 15:09:44.48  
Event Scripts Version 4.27   
Cycle Number            = 26  
Cycle Type              = Incorporation  [Service=n] 
Run folder              = D:\Runs\100621_IL22_04892  
Network archive root    = Z:\IL22\incoming 
Copy images to network  = false  
Copy results to network = true  
Delete image files      = true 
Network Run Folder      = Z:\IL22\incoming\100621_IL22_04892 
Script State Folder     = D:\Runs\100621_IL22_04892\EventScripts  
Base Run Folder         = 100621_IL22_04892  
Run Folder Name         = 100621_IL22_04892 
 
Checking for RTA launch criteria. 
Script Root Folder path = C:\Illumina\SCS2.8\EventScripts 
RTA executable path = C:\Illumina\SCS2.8\RTA 
Service=n, PairedEnd=y CycleNbr=26, CycleType=Incorporation, 
Cleanup cycle tag files. 
Deleting run state tag files. 
Deleting "D:\Runs\100621_IL22_04892\EventScripts\Read1Active.txt" 
Checking for customer Cycle Start event handler. 
Cycle 26 Start processing complete. Errcode=0 
  
=================================================================  
CycleComplete  ["D:\Runs\100621_IL22_04892"] [Incorporation] [25] ["Z:\IL22\incoming"] [False] [True] [True] 
Tue 06/22/2010 15:56:33.93  
Event Scripts Version 4.27    
Cycle Number            = 26  
Cycle Type              = Incorporation  [Service=n] 
Run folder              = D:\Runs\100621_IL22_04892  
Network archive root    = Z:\IL22\incoming 
Copy images to network  = false  
Copy results to network = true  
Delete image files      = true 
Network Run Folder      = Z:\IL22\incoming\100621_IL22_04892 
Script State Folder     = D:\Runs\100621_IL22_04892\EventScripts  
Base Run Folder         = 100621_IL22_04892  
Run Folder Name         = 100621_IL22_04892 
  
Service recipe flag set to false. [n]  
Network copy disabled. No copying will be done. 
CycleNbr=26 CycleType=Incorporation  Service=n 
No runbrowser reports for this cycle. 
No network copy: Service=n  NetCopyEnabled=false  CycleType=Incorporation. 
Checking for customer Cycle Complete Post Net Copy event handler. 
CycleComplete processing finished for Cycle 26. [errcode=0] 
Service recipe flag set to false. [n] 
=================================================================  
CycleStart  ["D:\Runs\100621_IL22_04892"] [Incorporation] [26] ["Z:\IL22\incoming"] [False] [True] [True] 
Tue 06/22/2010 16:15:27.00  
Event Scripts Version 4.27   
Cycle Number            = 27  
Cycle Type              = Incorporation  [Service=n] 
Run folder              = D:\Runs\100621_IL22_04892  
Network archive root    = Z:\IL22\incoming 
Copy images to network  = false  
Copy results to network = true  
Delete image files      = true 
Network Run Folder      = Z:\IL22\incoming\100621_IL22_04892 
Script State Folder     = D:\Runs\100621_IL22_04892\EventScripts  
Base Run Folder         = 100621_IL22_04892  
Run Folder Name         = 100621_IL22_04892 
 
Checking for RTA launch criteria. 
Script Root Folder path = C:\Illumina\SCS2.8\EventScripts 
RTA executable path = C:\Illumina\SCS2.8\RTA 
Service=n, PairedEnd=y CycleNbr=27, CycleType=Incorporation, 
Cleanup cycle tag files. 
Deleting run state tag files. 
Deleting "D:\Runs\100621_IL22_04892\EventScripts\Read1Active.txt" 
Checking for customer Cycle Start event handler. 
Cycle 27 Start processing complete. Errcode=0 
  
